<?xml version="1.0" encoding="UTF-8"?>
<!-- Generated by org.testng.reporters.JUnitXMLReporter -->
<testsuite hostname="Gowtham-PC" ignored="0" name="Default test" tests="3" failures="0" timestamp="2021-02-18T23:52:49 IST" time="183.307" errors="0">
  <testcase name="testBrowserStackSignin_InValidloginCredential_ShouldErrorInSigninPage" time="8.427" classname="com.htc.seleniumacademyPOM.test.LoginPageTest"/>
  <testcase name="testLoginPage_enterCredantials_shouldLoginSuccessful" time="8.164" classname="com.htc.seleniumacademyPOM.test.LoginPageTest"/>
  <testcase name="testLoginPage_enterCredantials_shouldLoginSuccessful" time="9.88" classname="com.htc.seleniumacademyPOM.test.LoginPageTest"/>
</testsuite> <!-- Default test -->
